<?xml version="1.0" encoding="UTF-8"?>
<testng-results ignored="0" total="6" passed="6" failed="0" skipped="0">
  <reporter-output>
  </reporter-output>
  <suite started-at="2024-11-11T15:35:19 IST" name="Default suite" finished-at="2024-11-11T15:35:57 IST" duration-ms="38017">
    <groups>
      <group name="cucumber">
        <method signature="AbstractTestNGCucumberTests.runScenario(io.cucumber.testng.PickleWrapper,io.cucumber.testng.FeatureWrapper)[pri:0, instance:runner.Hooks_runner@6572421]" name="runScenario" class="io.cucumber.testng.AbstractTestNGCucumberTests"/>
      </group> <!-- cucumber -->
    </groups>
    <test started-at="2024-11-11T15:35:19 IST" name="Default test" finished-at="2024-11-11T15:35:57 IST" duration-ms="38017">
      <class name="runner.Hooks_runner">
        <test-method is-config="true" signature="setUpClass(org.testng.ITestContext)[pri:0, instance:runner.Hooks_runner@6572421]" started-at="2024-11-11T15:35:19 IST" name="setUpClass" finished-at="2024-11-11T15:35:19 IST" duration-ms="192" status="PASS">
          <params>
            <param index="0">
              <value>
                <![CDATA[org.testng.TestRunner@61d84e08]]>
              </value>
            </param>
          </params>
          <reporter-output>
          </reporter-output>
        </test-method> <!-- setUpClass -->
        <test-method signature="runScenario(io.cucumber.testng.PickleWrapper,io.cucumber.testng.FeatureWrapper)[pri:0, instance:runner.Hooks_runner@6572421]" started-at="2024-11-11T15:35:19 IST" name="runScenario" description="Runs Cucumber Scenarios" data-provider="scenarios" finished-at="2024-11-11T15:35:25 IST" duration-ms="5795" status="PASS">
          <params>
            <param index="0">
              <value>
                <![CDATA["login postive scenario"]]>
              </value>
            </param>
            <param index="1">
              <value>
                <![CDATA["login user story"]]>
              </value>
            </param>
          </params>
          <reporter-output>
          </reporter-output>
        </test-method> <!-- runScenario -->
        <test-method signature="runScenario(io.cucumber.testng.PickleWrapper,io.cucumber.testng.FeatureWrapper)[pri:0, instance:runner.Hooks_runner@6572421]" started-at="2024-11-11T15:35:25 IST" name="runScenario" description="Runs Cucumber Scenarios" data-provider="scenarios" finished-at="2024-11-11T15:35:30 IST" duration-ms="4765" status="PASS">
          <params>
            <param index="0">
              <value>
                <![CDATA["login negative scenario"]]>
              </value>
            </param>
            <param index="1">
              <value>
                <![CDATA["login user story"]]>
              </value>
            </param>
          </params>
          <reporter-output>
          </reporter-output>
        </test-method> <!-- runScenario -->
        <test-method signature="runScenario(io.cucumber.testng.PickleWrapper,io.cucumber.testng.FeatureWrapper)[pri:0, instance:runner.Hooks_runner@6572421]" started-at="2024-11-11T15:35:30 IST" name="runScenario" description="Runs Cucumber Scenarios" data-provider="scenarios" finished-at="2024-11-11T15:35:35 IST" duration-ms="5119" status="PASS">
          <params>
            <param index="0">
              <value>
                <![CDATA["login postive scenario"]]>
              </value>
            </param>
            <param index="1">
              <value>
                <![CDATA["login user story with parameter"]]>
              </value>
            </param>
          </params>
          <reporter-output>
          </reporter-output>
        </test-method> <!-- runScenario -->
        <test-method signature="runScenario(io.cucumber.testng.PickleWrapper,io.cucumber.testng.FeatureWrapper)[pri:0, instance:runner.Hooks_runner@6572421]" started-at="2024-11-11T15:35:35 IST" name="runScenario" description="Runs Cucumber Scenarios" data-provider="scenarios" finished-at="2024-11-11T15:35:40 IST" duration-ms="4770" status="PASS">
          <params>
            <param index="0">
              <value>
                <![CDATA["login negative scenario"]]>
              </value>
            </param>
            <param index="1">
              <value>
                <![CDATA["login user story with parameter"]]>
              </value>
            </param>
          </params>
          <reporter-output>
          </reporter-output>
        </test-method> <!-- runScenario -->
        <test-method signature="runScenario(io.cucumber.testng.PickleWrapper,io.cucumber.testng.FeatureWrapper)[pri:0, instance:runner.Hooks_runner@6572421]" started-at="2024-11-11T15:35:40 IST" name="runScenario" description="Runs Cucumber Scenarios" data-provider="scenarios" finished-at="2024-11-11T15:35:48 IST" duration-ms="8416" status="PASS">
          <params>
            <param index="0">
              <value>
                <![CDATA["login and click a product"]]>
              </value>
            </param>
            <param index="1">
              <value>
                <![CDATA["scenario outline practice"]]>
              </value>
            </param>
          </params>
          <reporter-output>
          </reporter-output>
        </test-method> <!-- runScenario -->
        <test-method signature="runScenario(io.cucumber.testng.PickleWrapper,io.cucumber.testng.FeatureWrapper)[pri:0, instance:runner.Hooks_runner@6572421]" started-at="2024-11-11T15:35:48 IST" name="runScenario" description="Runs Cucumber Scenarios" data-provider="scenarios" finished-at="2024-11-11T15:35:57 IST" duration-ms="8921" status="PASS">
          <params>
            <param index="0">
              <value>
                <![CDATA["login and click a product"]]>
              </value>
            </param>
            <param index="1">
              <value>
                <![CDATA["scenario outline practice"]]>
              </value>
            </param>
          </params>
          <reporter-output>
          </reporter-output>
        </test-method> <!-- runScenario -->
        <test-method is-config="true" signature="tearDownClass()[pri:0, instance:runner.Hooks_runner@6572421]" started-at="2024-11-11T15:35:57 IST" name="tearDownClass" finished-at="2024-11-11T15:35:57 IST" duration-ms="0" status="PASS">
          <reporter-output>
          </reporter-output>
        </test-method> <!-- tearDownClass -->
      </class> <!-- runner.Hooks_runner -->
    </test> <!-- Default test -->
  </suite> <!-- Default suite -->
</testng-results>
